Using pre-set license
Built from '2020.3/staging' branch; Version is '2020.3.8f1 (507919d4fff5) revision 5273881'; Using compiler version '192528614'; Build Type 'Release'
OS: 'Windows 10 Home; OS build 19042.928; Version 2009; 64bit' Language: 'zh' Physical Memory: 16276 MB
BatchMode: 1, IsHumanControllingUs: 0, StartBugReporterOnCrash: 0, Is64bit: 1, IsPro: 0

 COMMAND LINE ARGUMENTS:
C:\Program Files\Unity\Hub\Editor\2020.3.8f1\Editor\Unity.exe
-adb2
-batchMode
-noUpm
-name
AssetImportWorker0
-projectPath
C:/Users/nhy61/Documents/GitHub/2dgame/2dgame
-logFile
Logs/AssetImportWorker0.log
-srvPort
62251
Successfully changed project path to: C:/Users/nhy61/Documents/GitHub/2dgame/2dgame
C:/Users/nhy61/Documents/GitHub/2dgame/2dgame
Using Asset Import Pipeline V2.
Refreshing native plugins compatible for Editor in 41.25 ms, found 1 plugins.
Preloading 0 native plugins for Editor in 0.00 ms.
Initialize engine version: 2020.3.8f1 (507919d4fff5)
[Subsystems] Discovering subsystems at path C:/Program Files/Unity/Hub/Editor/2020.3.8f1/Editor/Data/Resources/UnitySubsystems
[Subsystems] Discovering subsystems at path C:/Users/nhy61/Documents/GitHub/2dgame/2dgame/Assets
GfxDevice: creating device client; threaded=0
Direct3D:
    Version:  Direct3D 11.0 [level 11.1]
    Renderer: NVIDIA GeForce GTX 1070 (ID=0x1b81)
    Vendor:   
    VRAM:     8088 MB
    Driver:   27.21.14.6627
Initialize mono
Mono path[0] = 'C:/Program Files/Unity/Hub/Editor/2020.3.8f1/Editor/Data/Managed'
Mono path[1] = 'C:/Program Files/Unity/Hub/Editor/2020.3.8f1/Editor/Data/MonoBleedingEdge/lib/mono/unityjit'
Mono config path = 'C:/Program Files/Unity/Hub/Editor/2020.3.8f1/Editor/Data/MonoBleedingEdge/etc'
Using monoOptions --debugger-agent=transport=dt_socket,embedding=1,server=y,suspend=n,address=127.0.0.1:56488
Begin MonoManager ReloadAssembly
Registering precompiled unity dll's ...
Register platform support module: C:/Program Files/Unity/Hub/Editor/2020.3.8f1/Editor/Data/PlaybackEngines/WebGLSupport/UnityEditor.WebGL.Extensions.dll
Register platform support module: C:/Program Files/Unity/Hub/Editor/2020.3.8f1/Editor/Data/PlaybackEngines/WindowsStandaloneSupport/UnityEditor.WindowsStandalone.Extensions.dll
Registered in 0.002193 seconds.
Native extension for WindowsStandalone target not found
Native extension for WebGL target not found
Refreshing native plugins compatible for Editor in 33.31 ms, found 1 plugins.
Preloading 0 native plugins for Editor in 0.00 ms.
Mono: successfully reloaded assembly
- Completed reload, in  1.675 seconds
Platform modules already initialized, skipping
Registering precompiled user dll's ...
Registered in 0.000902 seconds.
Begin MonoManager ReloadAssembly
Native extension for WindowsStandalone target not found
Native extension for WebGL target not found
Refreshing native plugins compatible for Editor in 32.75 ms, found 1 plugins.
Preloading 0 native plugins for Editor in 0.00 ms.
Mono: successfully reloaded assembly
- Completed reload, in  0.796 seconds
Platform modules already initialized, skipping
========================================================================
Worker process is ready to serve import requests
Launched and connected shader compiler UnityShaderCompiler.exe after 0.07 seconds
Refreshing native plugins compatible for Editor in 0.32 ms, found 1 plugins.
Preloading 0 native plugins for Editor in 0.00 ms.
Unloading 1808 Unused Serialized files (Serialized files now loaded: 0)
System memory in use before: 84.9 MB.
System memory in use after: 84.9 MB.

Unloading 24 unused Assets to reduce memory usage. Loaded Objects now: 2251.
Total: 1.791900 ms (FindLiveObjects: 0.168500 ms CreateObjectMapping: 0.058700 ms MarkObjects: 1.376500 ms  DeleteObjects: 0.187200 ms)

========================================================================
Received Import Request.
  path: Assets/png
  artifactKey: Guid(0c2c61e3e4d4936498fa7da21aa7fa04) Importer(815301076,1909f56bfc062723c751e8b465ee728b)
Start importing Assets/png using Guid(0c2c61e3e4d4936498fa7da21aa7fa04) Importer(815301076,1909f56bfc062723c751e8b465ee728b)  -> (artifact id: '78268d94d484f9d3e61a82d290ce3679') in 0.007216 seconds
  Import took 0.009560 seconds .

========================================================================
Received Import Request.
  Time since last request: 2.268565 seconds.
  path: Assets/小恐龍
  artifactKey: Guid(0c2c61e3e4d4936498fa7da21aa7fa04) Importer(815301076,1909f56bfc062723c751e8b465ee728b)
Start importing Assets/小恐龍 using Guid(0c2c61e3e4d4936498fa7da21aa7fa04) Importer(815301076,1909f56bfc062723c751e8b465ee728b)  -> (artifact id: 'b7fa00d433a7519995239d74fdb7a6a6') in 0.007501 seconds
  Import took 0.010391 seconds .

========================================================================
Received Import Request.
  Time since last request: 60.452303 seconds.
  path: Assets/小恐龍/Dead (1).png
  artifactKey: Guid(eea8c416a66a458469d519c05c426229) Importer(815301076,1909f56bfc062723c751e8b465ee728b)
Start importing Assets/小恐龍/Dead (1).png using Guid(eea8c416a66a458469d519c05c426229) Importer(815301076,1909f56bfc062723c751e8b465ee728b)  -> (artifact id: 'f44da07a2c4a03ab634209580a229eef') in 0.089589 seconds
  Import took 0.093145 seconds .

========================================================================
Received Import Request.
  Time since last request: 0.000216 seconds.
  path: Assets/小恐龍/Dead (8).png
  artifactKey: Guid(b556229c10864604da8a07d034e0167a) Importer(815301076,1909f56bfc062723c751e8b465ee728b)
Start importing Assets/小恐龍/Dead (8).png using Guid(b556229c10864604da8a07d034e0167a) Importer(815301076,1909f56bfc062723c751e8b465ee728b)  -> (artifact id: 'ea99c79c41a47b59e1c8956585d41908') in 0.015062 seconds
  Import took 0.018707 seconds .

========================================================================
Received Import Request.
  Time since last request: 0.000230 seconds.
  path: Assets/小恐龍/Idle (6).png
  artifactKey: Guid(ddb25e4a9f8ca23499d503e6296898ad) Importer(815301076,1909f56bfc062723c751e8b465ee728b)
Start importing Assets/小恐龍/Idle (6).png using Guid(ddb25e4a9f8ca23499d503e6296898ad) Importer(815301076,1909f56bfc062723c751e8b465ee728b)  -> (artifact id: 'a13038411a41a64e565317d278d0b957') in 0.013742 seconds
  Import took 0.017434 seconds .

========================================================================
Received Import Request.
  Time since last request: 0.000176 seconds.
  path: Assets/小恐龍/Jump (1).png
  artifactKey: Guid(eaa535a290faddc418459e8db2893167) Importer(815301076,1909f56bfc062723c751e8b465ee728b)
Start importing Assets/小恐龍/Jump (1).png using Guid(eaa535a290faddc418459e8db2893167) Importer(815301076,1909f56bfc062723c751e8b465ee728b)  -> (artifact id: 'f28af2250c5d5efe54b94bb44217443d') in 0.013710 seconds
  Import took 0.017261 seconds .

========================================================================
Received Import Request.
  Time since last request: 0.000188 seconds.
  path: Assets/小恐龍/Idle (3).png
  artifactKey: Guid(2a033eccb7445f5409f7644be7dd5126) Importer(815301076,1909f56bfc062723c751e8b465ee728b)
Start importing Assets/小恐龍/Idle (3).png using Guid(2a033eccb7445f5409f7644be7dd5126) Importer(815301076,1909f56bfc062723c751e8b465ee728b)  -> (artifact id: '5f40e93bb89984700047f3e76f9c9512') in 0.013030 seconds
  Import took 0.016295 seconds .

========================================================================
Received Import Request.
  Time since last request: 0.000237 seconds.
  path: Assets/小恐龍/Dead (7).png
  artifactKey: Guid(d19ff2cc72257614092bcb3134d08797) Importer(815301076,1909f56bfc062723c751e8b465ee728b)
Start importing Assets/小恐龍/Dead (7).png using Guid(d19ff2cc72257614092bcb3134d08797) Importer(815301076,1909f56bfc062723c751e8b465ee728b)  -> (artifact id: '96084b6d753b94e8087c5db6db454b1b') in 0.013239 seconds
  Import took 0.016348 seconds .

========================================================================
Received Import Request.
  Time since last request: 0.000228 seconds.
  path: Assets/小恐龍/Dead (3).png
  artifactKey: Guid(3f7424dd634f3d94db2b99d8e40b21f0) Importer(815301076,1909f56bfc062723c751e8b465ee728b)
Start importing Assets/小恐龍/Dead (3).png using Guid(3f7424dd634f3d94db2b99d8e40b21f0) Importer(815301076,1909f56bfc062723c751e8b465ee728b)  -> (artifact id: 'ed75b1b2432db2fedb95c8ca746efd50') in 0.012939 seconds
  Import took 0.015776 seconds .

========================================================================
Received Import Request.
  Time since last request: 0.000198 seconds.
  path: Assets/小恐龍/Idle (1).png
  artifactKey: Guid(e35537ec8a831cb44bb74265e1786153) Importer(815301076,1909f56bfc062723c751e8b465ee728b)
Start importing Assets/小恐龍/Idle (1).png using Guid(e35537ec8a831cb44bb74265e1786153) Importer(815301076,1909f56bfc062723c751e8b465ee728b)  -> (artifact id: '3bac026e566aa886efa0562a6e5b802a') in 0.013183 seconds
  Import took 0.016947 seconds .

========================================================================
Received Import Request.
  Time since last request: 0.000160 seconds.
  path: Assets/小恐龍/Dead (2).png
  artifactKey: Guid(2729b6aa7352f3349adf2f01c8c9ed6e) Importer(815301076,1909f56bfc062723c751e8b465ee728b)
Start importing Assets/小恐龍/Dead (2).png using Guid(2729b6aa7352f3349adf2f01c8c9ed6e) Importer(815301076,1909f56bfc062723c751e8b465ee728b)  -> (artifact id: 'c9f76801eca11cad69d0ac72f1f90594') in 0.014295 seconds
  Import took 0.017527 seconds .

========================================================================
Received Import Request.
  Time since last request: 0.000224 seconds.
  path: Assets/小恐龍/Dead (4).png
  artifactKey: Guid(b58da66bcae8d0a46837f90df22f3988) Importer(815301076,1909f56bfc062723c751e8b465ee728b)
Start importing Assets/小恐龍/Dead (4).png using Guid(b58da66bcae8d0a46837f90df22f3988) Importer(815301076,1909f56bfc062723c751e8b465ee728b)  -> (artifact id: '52d7a4929e80a031a09f73b774345efd') in 0.015569 seconds
  Import took 0.019239 seconds .

========================================================================
Received Import Request.
  Time since last request: 0.000285 seconds.
  path: Assets/小恐龍/Idle (7).png
  artifactKey: Guid(ab05024b71b3f0c4bbcdd3f06011d3cb) Importer(815301076,1909f56bfc062723c751e8b465ee728b)
Start importing Assets/小恐龍/Idle (7).png using Guid(ab05024b71b3f0c4bbcdd3f06011d3cb) Importer(815301076,1909f56bfc062723c751e8b465ee728b)  -> (artifact id: 'f62ffa69e1ef578065f5f67f18296d8b') in 0.012524 seconds
  Import took 0.015657 seconds .

========================================================================
Received Import Request.
  Time since last request: 0.000229 seconds.
  path: Assets/小恐龍/Idle (10).png
  artifactKey: Guid(9ca8d6fd1729858428283493d93f6dfc) Importer(815301076,1909f56bfc062723c751e8b465ee728b)
Start importing Assets/小恐龍/Idle (10).png using Guid(9ca8d6fd1729858428283493d93f6dfc) Importer(815301076,1909f56bfc062723c751e8b465ee728b)  -> (artifact id: 'e5d4ce9f76e66b5a0f4c0e543d939703') in 0.013018 seconds
  Import took 0.016262 seconds .

========================================================================
Received Import Request.
  Time since last request: 0.000197 seconds.
  path: Assets/小恐龍/Idle (2).png
  artifactKey: Guid(133b2b9c1695cea48a0f301bb2f1297f) Importer(815301076,1909f56bfc062723c751e8b465ee728b)
Start importing Assets/小恐龍/Idle (2).png using Guid(133b2b9c1695cea48a0f301bb2f1297f) Importer(815301076,1909f56bfc062723c751e8b465ee728b)  -> (artifact id: '6e40a318c9a809e325e03192da018c99') in 0.013181 seconds
  Import took 0.016064 seconds .

========================================================================
Received Import Request.
  Time since last request: 0.000187 seconds.
  path: Assets/小恐龍/Dead (5).png
  artifactKey: Guid(d77db9bbcbbd6ed4aa969ad52fd02bff) Importer(815301076,1909f56bfc062723c751e8b465ee728b)
Start importing Assets/小恐龍/Dead (5).png using Guid(d77db9bbcbbd6ed4aa969ad52fd02bff) Importer(815301076,1909f56bfc062723c751e8b465ee728b)  -> (artifact id: 'dd451d585a42f8cb38322fcf9f6608e3') in 0.013124 seconds
  Import took 0.016136 seconds .

========================================================================
Received Import Request.
  Time since last request: 0.000235 seconds.
  path: Assets/小恐龍/Idle (4).png
  artifactKey: Guid(ae6ce747d4966f4448a04c4c4570b36b) Importer(815301076,1909f56bfc062723c751e8b465ee728b)
Start importing Assets/小恐龍/Idle (4).png using Guid(ae6ce747d4966f4448a04c4c4570b36b) Importer(815301076,1909f56bfc062723c751e8b465ee728b)  -> (artifact id: '6522f069b42f4f964b768e9308d078e9') in 0.011745 seconds
  Import took 0.014644 seconds .

========================================================================
Received Import Request.
  Time since last request: 0.000191 seconds.
  path: Assets/小恐龍/Idle (9).png
  artifactKey: Guid(1274a133779dcfa48b0287af539d582f) Importer(815301076,1909f56bfc062723c751e8b465ee728b)
Start importing Assets/小恐龍/Idle (9).png using Guid(1274a133779dcfa48b0287af539d582f) Importer(815301076,1909f56bfc062723c751e8b465ee728b)  -> (artifact id: '85141ad4e9c62b18279fd937add50201') in 0.012309 seconds
  Import took 0.014936 seconds .

========================================================================
Received Import Request.
  Time since last request: 0.000229 seconds.
  path: Assets/小恐龍/Idle (5).png
  artifactKey: Guid(564cf5e437f83284084f154c9b94c5c0) Importer(815301076,1909f56bfc062723c751e8b465ee728b)
Start importing Assets/小恐龍/Idle (5).png using Guid(564cf5e437f83284084f154c9b94c5c0) Importer(815301076,1909f56bfc062723c751e8b465ee728b)  -> (artifact id: '2371c549b7b775ba1b5cb0c3cbcb3a91') in 0.011906 seconds
  Import took 0.014886 seconds .

========================================================================
Received Import Request.
  Time since last request: 0.000196 seconds.
  path: Assets/小恐龍/Dead (6).png
  artifactKey: Guid(5feaa43ffbab1d448b1f945449a720fa) Importer(815301076,1909f56bfc062723c751e8b465ee728b)
Start importing Assets/小恐龍/Dead (6).png using Guid(5feaa43ffbab1d448b1f945449a720fa) Importer(815301076,1909f56bfc062723c751e8b465ee728b)  -> (artifact id: 'f33196ad29e2ff5026bd3f13c7263507') in 0.011457 seconds
  Import took 0.014354 seconds .

========================================================================
Received Import Request.
  Time since last request: 0.000219 seconds.
  path: Assets/小恐龍/Idle (8).png
  artifactKey: Guid(e258e45a7d5a81d43a38557a5923d5d8) Importer(815301076,1909f56bfc062723c751e8b465ee728b)
Start importing Assets/小恐龍/Idle (8).png using Guid(e258e45a7d5a81d43a38557a5923d5d8) Importer(815301076,1909f56bfc062723c751e8b465ee728b)  -> (artifact id: '06ebf80c2829d71a88ff251d586352ea') in 0.011690 seconds
  Import took 0.014891 seconds .

========================================================================
Received Import Request.
  Time since last request: 6.360085 seconds.
  path: Assets/小恐龍/Jump (2).png
  artifactKey: Guid(1bead9dcdf5fa954a9fd8b0c3bba6461) Importer(815301076,1909f56bfc062723c751e8b465ee728b)
Start importing Assets/小恐龍/Jump (2).png using Guid(1bead9dcdf5fa954a9fd8b0c3bba6461) Importer(815301076,1909f56bfc062723c751e8b465ee728b)  -> (artifact id: 'c89b1a9eb7d24a7ec898346fca775a9e') in 0.012460 seconds
  Import took 0.015188 seconds .

========================================================================
Received Import Request.
  Time since last request: 0.000327 seconds.
  path: Assets/小恐龍/Jump (3).png
  artifactKey: Guid(b3b6997581d9a84479786a8d11231286) Importer(815301076,1909f56bfc062723c751e8b465ee728b)
Start importing Assets/小恐龍/Jump (3).png using Guid(b3b6997581d9a84479786a8d11231286) Importer(815301076,1909f56bfc062723c751e8b465ee728b)  -> (artifact id: '3c782af3a1596edc3ae7185690f265e0') in 0.012166 seconds
  Import took 0.015164 seconds .

========================================================================
Received Import Request.
  Time since last request: 0.000258 seconds.
  path: Assets/小恐龍/Jump (4).png
  artifactKey: Guid(4ab48ba34e652a64e95583a74e0ad5e7) Importer(815301076,1909f56bfc062723c751e8b465ee728b)
Start importing Assets/小恐龍/Jump (4).png using Guid(4ab48ba34e652a64e95583a74e0ad5e7) Importer(815301076,1909f56bfc062723c751e8b465ee728b)  -> (artifact id: '56cbf4ddd12c7b5d3b1983ac4e15ed72') in 0.014231 seconds
  Import took 0.017493 seconds .

========================================================================
Received Import Request.
  Time since last request: 0.008773 seconds.
  path: Assets/小恐龍/Jump (5).png
  artifactKey: Guid(06e7f7d5e2d37ed43ac5843c0a66be00) Importer(815301076,1909f56bfc062723c751e8b465ee728b)
Start importing Assets/小恐龍/Jump (5).png using Guid(06e7f7d5e2d37ed43ac5843c0a66be00) Importer(815301076,1909f56bfc062723c751e8b465ee728b)  -> (artifact id: 'f54a1b664297b7598195d584ffc20189') in 0.013361 seconds
  Import took 0.016712 seconds .

========================================================================
Received Import Request.
  Time since last request: 0.000236 seconds.
  path: Assets/小恐龍/Jump (10).png
  artifactKey: Guid(7f5a4b3f59ec33143941d649b661f082) Importer(815301076,1909f56bfc062723c751e8b465ee728b)
Start importing Assets/小恐龍/Jump (10).png using Guid(7f5a4b3f59ec33143941d649b661f082) Importer(815301076,1909f56bfc062723c751e8b465ee728b)  -> (artifact id: 'd3b9005a5b21265ee64be3028d3130cc') in 0.013608 seconds
  Import took 0.017250 seconds .

========================================================================
Received Import Request.
  Time since last request: 0.000214 seconds.
  path: Assets/小恐龍/Jump (11).png
  artifactKey: Guid(1515c3de369a45444bde0cddc826e1bf) Importer(815301076,1909f56bfc062723c751e8b465ee728b)
Start importing Assets/小恐龍/Jump (11).png using Guid(1515c3de369a45444bde0cddc826e1bf) Importer(815301076,1909f56bfc062723c751e8b465ee728b)  -> (artifact id: 'f9445573fd064f79f43109b5f90d5453') in 0.014035 seconds
  Import took 0.016984 seconds .

========================================================================
Received Import Request.
  Time since last request: 0.000231 seconds.
  path: Assets/小恐龍/Run (3).png
  artifactKey: Guid(070304cdb8fc4c144a002f6bce854a63) Importer(815301076,1909f56bfc062723c751e8b465ee728b)
Start importing Assets/小恐龍/Run (3).png using Guid(070304cdb8fc4c144a002f6bce854a63) Importer(815301076,1909f56bfc062723c751e8b465ee728b)  -> (artifact id: '53251a040b98dd2e33e309c1607628fc') in 0.014525 seconds
  Import took 0.017690 seconds .

========================================================================
Received Import Request.
  Time since last request: 0.000263 seconds.
  path: Assets/小恐龍/Run (8).png
  artifactKey: Guid(151a31a3a3b1b0d4ebbd3b6b7f5fa8b3) Importer(815301076,1909f56bfc062723c751e8b465ee728b)
Start importing Assets/小恐龍/Run (8).png using Guid(151a31a3a3b1b0d4ebbd3b6b7f5fa8b3) Importer(815301076,1909f56bfc062723c751e8b465ee728b)  -> (artifact id: '80197571618490d35deca272b8760e9e') in 0.012422 seconds
  Import took 0.015691 seconds .

========================================================================
Received Import Request.
  Time since last request: 0.000221 seconds.
  path: Assets/小恐龍/Walk (2).png
  artifactKey: Guid(df21f02853640fd44beba1afd17c2d17) Importer(815301076,1909f56bfc062723c751e8b465ee728b)
Start importing Assets/小恐龍/Walk (2).png using Guid(df21f02853640fd44beba1afd17c2d17) Importer(815301076,1909f56bfc062723c751e8b465ee728b)  -> (artifact id: 'b551c09f7867fcc62f4d5a4017d26975') in 0.012240 seconds
  Import took 0.014883 seconds .

========================================================================
Received Import Request.
  Time since last request: 0.000271 seconds.
  path: Assets/小恐龍/Walk (1).png
  artifactKey: Guid(c3a531bead0491748ac78a062d620742) Importer(815301076,1909f56bfc062723c751e8b465ee728b)
Start importing Assets/小恐龍/Walk (1).png using Guid(c3a531bead0491748ac78a062d620742) Importer(815301076,1909f56bfc062723c751e8b465ee728b)  -> (artifact id: '37ef04df57d31d1e4aca8cab3ece3ca3') in 0.014162 seconds
  Import took 0.017220 seconds .

========================================================================
Received Import Request.
  Time since last request: 0.000218 seconds.
  path: Assets/小恐龍/Walk (8).png
  artifactKey: Guid(0eead290f5e15d7448237a9c5852155e) Importer(815301076,1909f56bfc062723c751e8b465ee728b)
Start importing Assets/小恐龍/Walk (8).png using Guid(0eead290f5e15d7448237a9c5852155e) Importer(815301076,1909f56bfc062723c751e8b465ee728b)  -> (artifact id: '37a8b948177cf278841995901fca6a54') in 0.012509 seconds
  Import took 0.015651 seconds .

========================================================================
Received Import Request.
  Time since last request: 0.000210 seconds.
  path: Assets/小恐龍/Run (1).png
  artifactKey: Guid(513099dc0bde59845ba8d8dcf3f3efd6) Importer(815301076,1909f56bfc062723c751e8b465ee728b)
Start importing Assets/小恐龍/Run (1).png using Guid(513099dc0bde59845ba8d8dcf3f3efd6) Importer(815301076,1909f56bfc062723c751e8b465ee728b)  -> (artifact id: '1a5b83466037c923dd4ce11ddc0a2e5e') in 0.012181 seconds
  Import took 0.015288 seconds .

========================================================================
Received Import Request.
  Time since last request: 0.000212 seconds.
  path: Assets/小恐龍/Run (6).png
  artifactKey: Guid(05b83e7b355112246bbce91d91321b63) Importer(815301076,1909f56bfc062723c751e8b465ee728b)
Start importing Assets/小恐龍/Run (6).png using Guid(05b83e7b355112246bbce91d91321b63) Importer(815301076,1909f56bfc062723c751e8b465ee728b)  -> (artifact id: '3eb2e4cb1957b0118b635f54bb80f820') in 0.012755 seconds
  Import took 0.015801 seconds .

========================================================================
Received Import Request.
  Time since last request: 0.000275 seconds.
  path: Assets/小恐龍/Walk (6).png
  artifactKey: Guid(5ded559ae3a1c6c4fbbf9817f9c7781c) Importer(815301076,1909f56bfc062723c751e8b465ee728b)
Start importing Assets/小恐龍/Walk (6).png using Guid(5ded559ae3a1c6c4fbbf9817f9c7781c) Importer(815301076,1909f56bfc062723c751e8b465ee728b)  -> (artifact id: 'ca4520c12e542ae159b027ddca2d1bd5') in 0.012114 seconds
  Import took 0.014714 seconds .

========================================================================
Received Import Request.
  Time since last request: 0.000210 seconds.
  path: Assets/小恐龍/Walk (10).png
  artifactKey: Guid(4595ccedf5a8f864a8212359b634e7ed) Importer(815301076,1909f56bfc062723c751e8b465ee728b)
Start importing Assets/小恐龍/Walk (10).png using Guid(4595ccedf5a8f864a8212359b634e7ed) Importer(815301076,1909f56bfc062723c751e8b465ee728b)  -> (artifact id: '93437d6a1f2667f0693abbf46df4da7a') in 0.013523 seconds
  Import took 0.016650 seconds .

========================================================================
Received Import Request.
  Time since last request: 0.000201 seconds.
  path: Assets/小恐龍/Jump (12).png
  artifactKey: Guid(889169bce0fdfd44696ed3efe8f526dc) Importer(815301076,1909f56bfc062723c751e8b465ee728b)
Start importing Assets/小恐龍/Jump (12).png using Guid(889169bce0fdfd44696ed3efe8f526dc) Importer(815301076,1909f56bfc062723c751e8b465ee728b)  -> (artifact id: 'db0e17401119af5658f48363349a5ceb') in 0.012175 seconds
  Import took 0.015217 seconds .

========================================================================
Received Import Request.
  Time since last request: 0.000211 seconds.
  path: Assets/小恐龍/Walk (4).png
  artifactKey: Guid(1b21d89e56d2a444dad9ed6ec30e0fd1) Importer(815301076,1909f56bfc062723c751e8b465ee728b)
Start importing Assets/小恐龍/Walk (4).png using Guid(1b21d89e56d2a444dad9ed6ec30e0fd1) Importer(815301076,1909f56bfc062723c751e8b465ee728b)  -> (artifact id: 'a7c084fdec9faca37845c4aacf7dbea6') in 0.015281 seconds
  Import took 0.018183 seconds .

========================================================================
Received Import Request.
  Time since last request: 0.000244 seconds.
  path: Assets/小恐龍/Run (2).png
  artifactKey: Guid(1b21d3d85e2dc9044b33889f9125b11a) Importer(815301076,1909f56bfc062723c751e8b465ee728b)
Start importing Assets/小恐龍/Run (2).png using Guid(1b21d3d85e2dc9044b33889f9125b11a) Importer(815301076,1909f56bfc062723c751e8b465ee728b)  -> (artifact id: '433a5bc574ce3991d0eb703c9b20a613') in 0.014044 seconds
  Import took 0.017280 seconds .

========================================================================
Received Import Request.
  Time since last request: 0.000252 seconds.
  path: Assets/小恐龍/Walk (9).png
  artifactKey: Guid(2b020adab7aa9064bb514fd868e55b47) Importer(815301076,1909f56bfc062723c751e8b465ee728b)
Start importing Assets/小恐龍/Walk (9).png using Guid(2b020adab7aa9064bb514fd868e55b47) Importer(815301076,1909f56bfc062723c751e8b465ee728b)  -> (artifact id: '34b2e9c6151b3f43d9e769753956a06b') in 0.014091 seconds
  Import took 0.016991 seconds .

========================================================================
Received Import Request.
  Time since last request: 0.000168 seconds.
  path: Assets/小恐龍/Jump (6).png
  artifactKey: Guid(e95e87ac3296d824eaea9f8594ef84f4) Importer(815301076,1909f56bfc062723c751e8b465ee728b)
Start importing Assets/小恐龍/Jump (6).png using Guid(e95e87ac3296d824eaea9f8594ef84f4) Importer(815301076,1909f56bfc062723c751e8b465ee728b)  -> (artifact id: '7d0aeebc617974bce4a8ab31d74cfaa8') in 0.012044 seconds
  Import took 0.014935 seconds .

========================================================================
Received Import Request.
  Time since last request: 0.000152 seconds.
  path: Assets/小恐龍/Walk (5).png
  artifactKey: Guid(41b6981b66b9ece4db7b3d4f79dfb7ef) Importer(815301076,1909f56bfc062723c751e8b465ee728b)
Start importing Assets/小恐龍/Walk (5).png using Guid(41b6981b66b9ece4db7b3d4f79dfb7ef) Importer(815301076,1909f56bfc062723c751e8b465ee728b)  -> (artifact id: '98e37a58630162e4f60d94e2efd3c0eb') in 0.014488 seconds
  Import took 0.017404 seconds .

========================================================================
Received Import Request.
  Time since last request: 0.000160 seconds.
  path: Assets/小恐龍/Jump (7).png
  artifactKey: Guid(a4d3e10f87136774f9d688092eb2999c) Importer(815301076,1909f56bfc062723c751e8b465ee728b)
Start importing Assets/小恐龍/Jump (7).png using Guid(a4d3e10f87136774f9d688092eb2999c) Importer(815301076,1909f56bfc062723c751e8b465ee728b)  -> (artifact id: '2f71d2d99c556dc9f7970d5dcd5965ad') in 0.011438 seconds
  Import took 0.014659 seconds .

========================================================================
Received Import Request.
  Time since last request: 0.000245 seconds.
  path: Assets/小恐龍/Run (5).png
  artifactKey: Guid(c247189a54a1fa9489eabab78f28d1ba) Importer(815301076,1909f56bfc062723c751e8b465ee728b)
Start importing Assets/小恐龍/Run (5).png using Guid(c247189a54a1fa9489eabab78f28d1ba) Importer(815301076,1909f56bfc062723c751e8b465ee728b)  -> (artifact id: 'cf03f7131bb5e29b1152e3b87feb416e') in 0.012686 seconds
  Import took 0.015641 seconds .

========================================================================
Received Import Request.
  Time since last request: 0.000153 seconds.
  path: Assets/小恐龍/Run (7).png
  artifactKey: Guid(db2b1788100112f41b7aea3ec70970b4) Importer(815301076,1909f56bfc062723c751e8b465ee728b)
Start importing Assets/小恐龍/Run (7).png using Guid(db2b1788100112f41b7aea3ec70970b4) Importer(815301076,1909f56bfc062723c751e8b465ee728b)  -> (artifact id: 'cc14223268f85e1169b0508a9bb83235') in 0.015019 seconds
  Import took 0.017757 seconds .

========================================================================
Received Import Request.
  Time since last request: 0.000163 seconds.
  path: Assets/小恐龍/Walk (3).png
  artifactKey: Guid(6bd7b1ac9e400534886bf176225d1ad2) Importer(815301076,1909f56bfc062723c751e8b465ee728b)
Start importing Assets/小恐龍/Walk (3).png using Guid(6bd7b1ac9e400534886bf176225d1ad2) Importer(815301076,1909f56bfc062723c751e8b465ee728b)  -> (artifact id: 'a4a38f655683cec48ec7dc310d9e1cc6') in 0.014488 seconds
  Import took 0.017394 seconds .

========================================================================
Received Import Request.
  Time since last request: 0.000246 seconds.
  path: Assets/小恐龍/Jump (9).png
  artifactKey: Guid(922f2d9c8a4e497419703eda1505ca91) Importer(815301076,1909f56bfc062723c751e8b465ee728b)
Start importing Assets/小恐龍/Jump (9).png using Guid(922f2d9c8a4e497419703eda1505ca91) Importer(815301076,1909f56bfc062723c751e8b465ee728b)  -> (artifact id: '495193d726efe3e195242e27c8a5e697') in 0.013611 seconds
  Import took 0.017301 seconds .

========================================================================
Received Import Request.
  Time since last request: 0.000252 seconds.
  path: Assets/小恐龍/Run (4).png
  artifactKey: Guid(680f2080f19f9b34ca2b8b4a5f980573) Importer(815301076,1909f56bfc062723c751e8b465ee728b)
Start importing Assets/小恐龍/Run (4).png using Guid(680f2080f19f9b34ca2b8b4a5f980573) Importer(815301076,1909f56bfc062723c751e8b465ee728b)  -> (artifact id: '0546305b6cb82b8f463d8b9f98244bc3') in 0.013297 seconds
  Import took 0.015939 seconds .

========================================================================
Received Import Request.
  Time since last request: 0.000165 seconds.
  path: Assets/小恐龍/Jump (8).png
  artifactKey: Guid(cd1efe1edebe533468cb0a70ec6bf722) Importer(815301076,1909f56bfc062723c751e8b465ee728b)
Start importing Assets/小恐龍/Jump (8).png using Guid(cd1efe1edebe533468cb0a70ec6bf722) Importer(815301076,1909f56bfc062723c751e8b465ee728b)  -> (artifact id: 'fe42bef631e77248b111f77298b21509') in 0.012276 seconds
  Import took 0.015265 seconds .

========================================================================
Received Import Request.
  Time since last request: 0.000159 seconds.
  path: Assets/小恐龍/Walk (7).png
  artifactKey: Guid(80ca646cfbe9f89409633af6d1aa589d) Importer(815301076,1909f56bfc062723c751e8b465ee728b)
Start importing Assets/小恐龍/Walk (7).png using Guid(80ca646cfbe9f89409633af6d1aa589d) Importer(815301076,1909f56bfc062723c751e8b465ee728b)  -> (artifact id: '87dd5e00282c47a7b0588e78765d4620') in 0.012897 seconds
  Import took 0.015610 seconds .

========================================================================
Received Import Request.
  Time since last request: 270.327080 seconds.
  path: Assets/小恐龍/Idle (1).png
  artifactKey: Guid(e35537ec8a831cb44bb74265e1786153) Importer(815301076,1909f56bfc062723c751e8b465ee728b)
Start importing Assets/小恐龍/Idle (1).png using Guid(e35537ec8a831cb44bb74265e1786153) Importer(815301076,1909f56bfc062723c751e8b465ee728b)  -> (artifact id: '00685e956bedca98a9368c3c4fa82ef6') in 0.015027 seconds
  Import took 0.018234 seconds .

========================================================================
Received Import Request.
  Time since last request: 59.331737 seconds.
  path: Assets/小恐龍/Jump (11).png
  artifactKey: Guid(1515c3de369a45444bde0cddc826e1bf) Importer(815301076,1909f56bfc062723c751e8b465ee728b)
Start importing Assets/小恐龍/Jump (11).png using Guid(1515c3de369a45444bde0cddc826e1bf) Importer(815301076,1909f56bfc062723c751e8b465ee728b)  -> (artifact id: '79d20b86fbb81ca82c1a400e857f2d93') in 0.011002 seconds
  Import took 0.013862 seconds .

========================================================================
Received Import Request.
  Time since last request: 0.009900 seconds.
  path: Assets/小恐龍/Jump (11).png
  artifactKey: Guid(1515c3de369a45444bde0cddc826e1bf) Importer(815301076,1909f56bfc062723c751e8b465ee728b)
Start importing Assets/小恐龍/Jump (11).png using Guid(1515c3de369a45444bde0cddc826e1bf) Importer(815301076,1909f56bfc062723c751e8b465ee728b)  -> (artifact id: '79d20b86fbb81ca82c1a400e857f2d93') in 0.010823 seconds
  Import took 0.013914 seconds .

AssetImportWorkerClient::OnTransportError - code=2 error=End of file
